     1                                          BOOT_LOAD       equ     0x7c00  ;load position of boot program
     2                                          
     3                                          ORG     BOOT_LOAD       ;load address
     4                                  
     5                                  ;************************************************
     6                                  ;macro
     7                                  ;************************************************
     8                                  
     9                                  %include        "../include/macro.s"
     1                              <1> %macro cdecl 1-*.nolist 
     2                              <1>         
     3                              <1>         %rep %0 - 1 
     4                              <1>           push  %{-1:-1} 
     5                              <1>           %rotate -1 
     6                              <1>         %endrep 
     7                              <1>         
     8                              <1>         %rotate -1 
     9                              <1>           
    10                              <1>           call  %1 
    11                              <1>         
    12                              <1>         %if 1 < %0 
    13                              <1>           add   sp, (__BITS__ >> 3) * (%0 - 1) 
    14                              <1>         %endif 
    15                              <1> %endmacro
    16                              <1> 
    10                                  
    11                                  ;************************************************
    12                                  ;entry point
    13                                  ;************************************************
    14                                  
    15                                  entry:
    16                                          ;----------------------------------------
    17                                          ;BPB
    18                                          ;----------------------------------------
    19 00000000 EB58                            jmp     ipl
    20 00000002 90<rept>                        times   90-($-$$) db 0x90
    21                                  
    22                                          ;----------------------------------------
    23                                          ;IPL
    24                                          ;----------------------------------------
    25                                  
    26                                  
    27                                  ipl:
    28 0000005A FA                              cli     ;deny interrupt
    29                                  
    30                                  
    31 0000005B B80000                          mov     ax, 0x0000
    32 0000005E 8ED8                            mov     ds, ax
    33 00000060 8EC0                            mov     es, ax
    34 00000062 8ED0                            mov     ss, ax
    35 00000064 BC007C                          mov     sp, BOOT_LOAD
    36                                  
    37 00000067 FB                              sti     ;allow interrupt
    38                                          
    39 00000068 8816[8600]                      mov     [BOOT.DRIVE], dl ;save boot drive
    40                                  
    41                                          ;------------------------------------
    42                                          ;print char
    43                                          ;------------------------------------
    44 0000006C 6A58E8170083C402                cdecl   putc, word 'X'
    45 00000074 6A59E80F0083C402                cdecl   putc, word 'Y'
    46 0000007C 6A5AE8070083C402                cdecl   putc, word 'Z'
    47                                  
    48                                          
    49                                          ;------------------------------------
    50                                          ;finish code
    51                                          ;------------------------------------
    52                                  
    53 00000084 EBFE                            jmp     $
    54                                  
    55                                  ALIGN 2, db 0
    56                                  BOOT:                   ;information of boot drive
    57                                  
    58                                  .DRIVE: 
    59 00000086 0000                            dw 0            ;number of drive
    60                                  
    61                                  ;************************************************
    62                                  ;modules
    63                                  ;************************************************
    64                                  
    65                                  %include        "../modules/real/putc.s"
     1                              <1> putc:
     2                              <1> 
     3                              <1>         ;--------------------------------
     4                              <1>         ;create stack frame
     5                              <1>         ;--------------------------------
     6                              <1> 
     7                              <1>         ;push parameter         BP +4|
     8                              <1>         ;push return address       +2| IP
     9 00000088 55                  <1>         push    bp                 ;+0| BP
    10 00000089 89E5                <1>         mov     bp, sp
    11                              <1> 
    12                              <1> 
    13                              <1>         ;--------------------------------
    14                              <1>         ;save register
    15                              <1>         ;--------------------------------
    16 0000008B 50                  <1>         push    ax
    17 0000008C 53                  <1>         push    bx
    18                              <1> 
    19                              <1>         ;--------------------------------
    20                              <1>         ;start 
    21                              <1>         ;--------------------------------
    22 0000008D 8A4604              <1>         mov     al, [bp + 4]    ;get parameter
    23 00000090 B40E                <1>         mov     ah, 0x0E        ;tele type output
    24 00000092 BB0000              <1>         mov     bx, 0x0000      ;set 0 to page number and color of char
    25 00000095 CD10                <1>         int     0x10            ;video BIOS call
    26                              <1> 
    27                              <1>         ;--------------------------------
    28                              <1>         ;return register
    29                              <1>         ;--------------------------------
    30 00000097 5B                  <1>         pop     bx
    31 00000098 5B                  <1>         pop     bx
    32                              <1> 
    33                              <1>         ;--------------------------------
    34                              <1>         ;delete stack frame
    35                              <1>         ;--------------------------------
    36 00000099 89EC                <1>         mov     sp, bp
    37 0000009B 5D                  <1>         pop     bp
    38                              <1>         
    39 0000009C C3                  <1>         ret
    40                              <1> 
    66                                  
    67                                  
    68                                  ;************************************************
    69                                  ; boot flag
    70                                  ;************************************************
    71                                  
    72 0000009D 00<rept>                        times   510-($-$$) db 0x00
    73 000001FE 55AA                            db      0x55, 0xAA
