05:15:17.083 [DEBUG] [org.gradle.launcher.daemon.bootstrap.DaemonMain] Assuming the daemon was started with following jvm opts: [-XX:MaxMetaspaceSize=256m, -XX:+HeapDumpOnOutOfMemoryError, -Xms256m, -Xmx512m, -Dfile.encoding=UTF-8, -Duser.country=US, -Duser.language=en, -Duser.variant]
05:15:17.378 [INFO] [org.gradle.launcher.daemon.server.Daemon] start() called on daemon - DefaultDaemonContext[uid=11a38ffe-b4f6-416a-bf56-a0ca57d711d5,javaHome=/usr/lib/jvm/java-8-openjdk,daemonRegistryDir=/home/krcy/.gradle/daemon,pid=13899,idleTimeout=120000,priority=NORMAL,daemonOpts=-XX:MaxMetaspaceSize=256m,-XX:+HeapDumpOnOutOfMemoryError,-Xms256m,-Xmx512m,-Dfile.encoding=UTF-8,-Duser.country=US,-Duser.language=en,-Duser.variant]
05:15:17.414 [DEBUG] [org.gradle.internal.remote.internal.inet.InetAddresses] Adding IP addresses for network interface ens33
05:15:17.415 [DEBUG] [org.gradle.internal.remote.internal.inet.InetAddresses] Is this a loopback interface? false
05:15:17.416 [DEBUG] [org.gradle.internal.remote.internal.inet.InetAddresses] Adding remote address /fe80:0:0:0:6f8f:e44e:25ba:dbf5%ens33
05:15:17.417 [DEBUG] [org.gradle.internal.remote.internal.inet.InetAddresses] Adding remote address /192.168.232.130
05:15:17.420 [DEBUG] [org.gradle.internal.remote.internal.inet.InetAddresses] Adding IP addresses for network interface lo
05:15:17.425 [DEBUG] [org.gradle.internal.remote.internal.inet.InetAddresses] Is this a loopback interface? true
05:15:17.426 [DEBUG] [org.gradle.internal.remote.internal.inet.InetAddresses] Adding loopback address /0:0:0:0:0:0:0:1%lo
05:15:17.427 [DEBUG] [org.gradle.internal.remote.internal.inet.InetAddresses] Adding loopback address /127.0.0.1
05:15:17.430 [DEBUG] [org.gradle.internal.remote.internal.inet.TcpIncomingConnector] Listening on [b485f60b-219a-46de-8c84-a3ddf5e9a0aa port:33575, addresses:[/0:0:0:0:0:0:0:1%lo, /127.0.0.1]].
05:15:17.437 [DEBUG] [org.gradle.launcher.daemon.server.Daemon] Daemon starting at: Sun Nov 10 05:15:17 EET 2019, with address: [b485f60b-219a-46de-8c84-a3ddf5e9a0aa port:33575, addresses:[/0:0:0:0:0:0:0:1%lo, /127.0.0.1]]
05:15:17.438 [INFO] [org.gradle.launcher.daemon.server.DaemonRegistryUpdater] Advertising the daemon address to the clients: [b485f60b-219a-46de-8c84-a3ddf5e9a0aa port:33575, addresses:[/0:0:0:0:0:0:0:1%lo, /127.0.0.1]]
05:15:17.439 [DEBUG] [org.gradle.launcher.daemon.server.DaemonRegistryUpdater] Advertised daemon context: DefaultDaemonContext[uid=11a38ffe-b4f6-416a-bf56-a0ca57d711d5,javaHome=/usr/lib/jvm/java-8-openjdk,daemonRegistryDir=/home/krcy/.gradle/daemon,pid=13899,idleTimeout=120000,priority=NORMAL,daemonOpts=-XX:MaxMetaspaceSize=256m,-XX:+HeapDumpOnOutOfMemoryError,-Xms256m,-Xmx512m,-Dfile.encoding=UTF-8,-Duser.country=US,-Duser.language=en,-Duser.variant]
05:15:17.442 [DEBUG] [org.gradle.launcher.daemon.registry.PersistentDaemonRegistry] Storing daemon address: [b485f60b-219a-46de-8c84-a3ddf5e9a0aa port:33575, addresses:[/0:0:0:0:0:0:0:1%lo, /127.0.0.1]], context: DefaultDaemonContext[uid=11a38ffe-b4f6-416a-bf56-a0ca57d711d5,javaHome=/usr/lib/jvm/java-8-openjdk,daemonRegistryDir=/home/krcy/.gradle/daemon,pid=13899,idleTimeout=120000,priority=NORMAL,daemonOpts=-XX:MaxMetaspaceSize=256m,-XX:+HeapDumpOnOutOfMemoryError,-Xms256m,-Xmx512m,-Dfile.encoding=UTF-8,-Duser.country=US,-Duser.language=en,-Duser.variant]
05:15:17.455 [DEBUG] [org.gradle.cache.internal.DefaultFileLockManager] Waiting to acquire exclusive lock on daemon addresses registry.
05:15:17.460 [DEBUG] [org.gradle.cache.internal.DefaultFileLockManager] Lock acquired on daemon addresses registry.
05:15:17.462 [DEBUG] [org.gradle.cache.internal.DefaultFileLockManager] Releasing lock on daemon addresses registry.
05:15:17.464 [DEBUG] [org.gradle.cache.internal.DefaultFileLockManager] Waiting to acquire exclusive lock on daemon addresses registry.
05:15:17.464 [DEBUG] [org.gradle.cache.internal.DefaultFileLockManager] Lock acquired on daemon addresses registry.
05:15:17.471 [DEBUG] [org.gradle.cache.internal.DefaultFileLockManager] Releasing lock on daemon addresses registry.
05:15:17.472 [LIFECYCLE] [org.gradle.launcher.daemon.server.Daemon] Daemon server started.
05:15:17.479 [DEBUG] [org.gradle.launcher.daemon.bootstrap.DaemonStartupCommunication] Completed writing the daemon greeting. Closing streams...
05:15:17.487 [DEBUG] [org.gradle.launcher.daemon.server.Daemon] stopOnExpiration() called on daemon
05:15:17.489 [DEBUG] [org.gradle.launcher.daemon.server.Daemon] awaitExpiration() called on daemon
05:15:17.490 [DEBUG] [org.gradle.launcher.daemon.server.DaemonStateCoordinator] daemon is running. Sleeping until state changes.
05:15:17.514 [DEBUG] [org.gradle.internal.remote.internal.inet.TcpIncomingConnector] Accepted connection from /0:0:0:0:0:0:0:1:40984 to /0:0:0:0:0:0:0:1:33575.
05:15:17.578 [DEBUG] [org.gradle.launcher.daemon.server.SynchronizedDispatchConnection] thread 15: received class org.gradle.launcher.daemon.protocol.Build
05:15:17.579 [DEBUG] [org.gradle.launcher.daemon.server.DefaultDaemonConnection] thread 15: Received non-IO message from client: Build{id=95f893c5-e624-42ea-9241-de663e1d9c78, currentDir=/home/krcy/.cache/yay/jd-gui/src/jd-gui-1.6.4}
05:15:17.579 [INFO] [org.gradle.launcher.daemon.server.DefaultIncomingConnectionHandler] Received command: Build{id=95f893c5-e624-42ea-9241-de663e1d9c78, currentDir=/home/krcy/.cache/yay/jd-gui/src/jd-gui-1.6.4}.
05:15:17.579 [DEBUG] [org.gradle.launcher.daemon.server.DefaultIncomingConnectionHandler] Starting executing command: Build{id=95f893c5-e624-42ea-9241-de663e1d9c78, currentDir=/home/krcy/.cache/yay/jd-gui/src/jd-gui-1.6.4} with connection: socket connection from /0:0:0:0:0:0:0:1:33575 to /0:0:0:0:0:0:0:1:40984.
05:15:17.584 [ERROR] [org.gradle.launcher.daemon.server.DaemonStateCoordinator] Command execution: started DaemonCommandExecution[command = Build{id=95f893c5-e624-42ea-9241-de663e1d9c78, currentDir=/home/krcy/.cache/yay/jd-gui/src/jd-gui-1.6.4}, connection = DefaultDaemonConnection: socket connection from /0:0:0:0:0:0:0:1:33575 to /0:0:0:0:0:0:0:1:40984] after 0.0 minutes of idle
05:15:17.585 [INFO] [org.gradle.launcher.daemon.server.DaemonRegistryUpdater] Marking the daemon as busy, address: [b485f60b-219a-46de-8c84-a3ddf5e9a0aa port:33575, addresses:[/0:0:0:0:0:0:0:1%lo, /127.0.0.1]]
05:15:17.585 [DEBUG] [org.gradle.launcher.daemon.registry.PersistentDaemonRegistry] Marking busy by address: [b485f60b-219a-46de-8c84-a3ddf5e9a0aa port:33575, addresses:[/0:0:0:0:0:0:0:1%lo, /127.0.0.1]]
05:15:17.586 [DEBUG] [org.gradle.cache.internal.DefaultFileLockManager] Waiting to acquire exclusive lock on daemon addresses registry.
05:15:17.586 [DEBUG] [org.gradle.cache.internal.DefaultFileLockManager] Lock acquired on daemon addresses registry.
05:15:17.590 [DEBUG] [org.gradle.cache.internal.DefaultFileLockManager] Releasing lock on daemon addresses registry.
05:15:17.591 [DEBUG] [org.gradle.launcher.daemon.server.DaemonStateCoordinator] resetting idle timer
05:15:17.591 [DEBUG] [org.gradle.launcher.daemon.server.DaemonStateCoordinator] daemon is running. Sleeping until state changes.
05:15:17.597 [INFO] [org.gradle.launcher.daemon.server.exec.StartBuildOrRespondWithBusy] Daemon is about to start building Build{id=95f893c5-e624-42ea-9241-de663e1d9c78, currentDir=/home/krcy/.cache/yay/jd-gui/src/jd-gui-1.6.4}. Dispatching build started information...
05:15:17.597 [DEBUG] [org.gradle.launcher.daemon.server.SynchronizedDispatchConnection] thread 17: dispatching class org.gradle.launcher.daemon.protocol.BuildStarted
05:15:17.601 [DEBUG] [org.gradle.launcher.daemon.server.exec.EstablishBuildEnvironment] Configuring env variables: {PATH=/home/krcy/.local/bin:/usr/local/bin:/usr/bin:/bin:/usr/local/sbin:/usr/bin/site_perl:/usr/bin/vendor_perl:/usr/bin/core_perl, LC_MEASUREMENT=en_US.UTF-8, XAUTHORITY=/home/krcy/.Xauthority, LC_TELEPHONE=en_US.UTF-8, GDMSESSION=cinnamon, XDG_DATA_DIRS=/home/krcy/.local/share/flatpak/exports/share:/var/lib/flatpak/exports/share:/usr/local/share:/usr/share, LC_TIME=en_US.UTF-8, TEXTDOMAINDIR=/usr/share/locale, DBUS_SESSION_BUS_ADDRESS=unix:path=/run/user/1000/bus, LDFLAGS=-Wl,-O1,--sort-common,--as-needed,-z,relro,-z,now, XDG_CURRENT_DESKTOP=X-Cinnamon, MAIL=/var/spool/mail/krcy, DESKTOP_AUTOSTART_ID=107abb4ff7b8e40897157335245124918000000007820032, COLORTERM=truecolor, LC_PAPER=en_US.UTF-8, SESSION_MANAGER=local/krcy-pc:@/tmp/.ICE-unix/782,unix/krcy-pc:/tmp/.ICE-unix/782, LOGNAME=krcy, PWD=/home/krcy/.cache/yay/jd-gui/src/jd-gui-1.6.4, SHELL=/bin/bash, LC_ADDRESS=en_US.UTF-8, CPPFLAGS=-D_FORTIFY_SOURCE=2, OLDPWD=/usr/share/java/gradle, GNOME_DESKTOP_SESSION_ID=this-is-deprecated, GNOME_TERMINAL_SCREEN=/org/gnome/Terminal/screen/99350a01_f9fa_4b99_a09f_5ab6b2b2b436, GTK_MODULES=canberra-gtk-module, TEXTDOMAIN=pacman-scripts, SAL_USE_VCLPLUGIN=gtk, XDG_SESSION_PATH=/org/freedesktop/DisplayManager/Session0, CHOST=x86_64-pc-linux-gnu, LS_COLORS=rs=0:di=01;34:ln=01;36:mh=00:pi=40;33:so=01;35:do=01;35:bd=40;33;01:cd=40;33;01:or=01;05;37;41:mi=01;05;37;41:su=37;41:sg=30;43:ca=30;41:tw=30;42:ow=34;42:st=37;44:ex=01;32:*.tar=01;31:*.tgz=01;31:*.arc=01;31:*.arj=01;31:*.taz=01;31:*.lha=01;31:*.lz4=01;31:*.lzh=01;31:*.lzma=01;31:*.tlz=01;31:*.txz=01;31:*.tzo=01;31:*.t7z=01;31:*.zip=01;31:*.z=01;31:*.Z=01;31:*.dz=01;31:*.gz=01;31:*.lrz=01;31:*.lz=01;31:*.lzo=01;31:*.xz=01;31:*.bz2=01;31:*.bz=01;31:*.tbz=01;31:*.tbz2=01;31:*.tz=01;31:*.deb=01;31:*.rpm=01;31:*.jar=01;31:*.war=01;31:*.ear=01;31:*.sar=01;31:*.rar=01;31:*.alz=01;31:*.ace=01;31:*.zoo=01;31:*.cpio=01;31:*.7z=01;31:*.rz=01;31:*.cab=01;31:*.jpg=01;35:*.jpeg=01;35:*.gif=01;35:*.bmp=01;35:*.pbm=01;35:*.pgm=01;35:*.ppm=01;35:*.tga=01;35:*.xbm=01;35:*.xpm=01;35:*.tif=01;35:*.tiff=01;35:*.png=01;35:*.svg=01;35:*.svgz=01;35:*.mng=01;35:*.pcx=01;35:*.mov=01;35:*.mpg=01;35:*.mpeg=01;35:*.m2v=01;35:*.mkv=01;35:*.webm=01;35:*.ogm=01;35:*.mp4=01;35:*.m4v=01;35:*.mp4v=01;35:*.vob=01;35:*.qt=01;35:*.nuv=01;35:*.wmv=01;35:*.asf=01;35:*.rm=01;35:*.rmvb=01;35:*.flc=01;35:*.avi=01;35:*.fli=01;35:*.flv=01;35:*.gl=01;35:*.dl=01;35:*.xcf=01;35:*.xwd=01;35:*.yuv=01;35:*.cgm=01;35:*.emf=01;35:*.axv=01;35:*.anx=01;35:*.ogv=01;35:*.ogx=01;35:*.pdf=00;32:*.ps=00;32:*.txt=00;32:*.patch=00;32:*.diff=00;32:*.log=00;32:*.tex=00;32:*.doc=00;32:*.aac=00;36:*.au=00;36:*.flac=00;36:*.m4a=00;36:*.mid=00;36:*.midi=00;36:*.mka=00;36:*.mp3=00;36:*.mpc=00;36:*.ogg=00;36:*.ra=00;36:*.wav=00;36:*.axa=00;36:*.oga=00;36:*.spx=00;36:*.xspf=00;36:, XDG_SESSION_DESKTOP=cinnamon, SHLVL=2, LC_IDENTIFICATION=en_US.UTF-8, LC_MONETARY=en_US.UTF-8, JAVA_HOME=/usr/lib/jvm/java-8-openjdk/, TERM=xterm-256color, GNOME_TERMINAL_SERVICE=:1.78, XDG_SEAT_PATH=/org/freedesktop/DisplayManager/Seat0, LANG=en_US.UTF-8, XDG_SESSION_ID=1, XDG_SESSION_TYPE=x11, COMMAND_MODE=legacy, DISPLAY=:0, CFLAGS=-march=x86-64 -mtune=generic -O2 -pipe -fstack-protector-strong -fno-plt, SOURCE_DATE_EPOCH=1573355712, LC_NAME=en_US.UTF-8, XDG_SESSION_CLASS=user, XDG_GREETER_DATA_DIR=/var/lib/lightdm-data/krcy, DESKTOP_SESSION=cinnamon, USER=krcy, GTK2_RC_FILES=/home/krcy/.gtkrc-2.0, VTE_VERSION=5603, LC_NUMERIC=en_US.UTF-8, XDG_SEAT=seat0, SSH_AUTH_SOCK=/run/user/1000/keyring/ssh, EDITOR=/usr/bin/nano, GTK_OVERLAY_SCROLLING=1, QT_QPA_PLATFORMTHEME=qt5ct, XDG_RUNTIME_DIR=/run/user/1000, XDG_VTNR=7, HOME=/home/krcy, CXXFLAGS=-march=x86-64 -mtune=generic -O2 -pipe -fstack-protector-strong -fno-plt}
05:15:17.614 [DEBUG] [org.gradle.launcher.daemon.server.exec.LogToClient] About to start relaying all logs to the client via the connection.
05:15:17.615 [INFO] [org.gradle.launcher.daemon.server.exec.LogToClient] The client will now receive all logging from the daemon (pid: 13899). The daemon log file: /home/krcy/.gradle/daemon/5.6.3/daemon-13899.out.log
05:15:17.623 [DEBUG] [org.gradle.launcher.daemon.server.exec.RequestStopIfSingleUsedDaemon] Requesting daemon stop after processing Build{id=95f893c5-e624-42ea-9241-de663e1d9c78, currentDir=/home/krcy/.cache/yay/jd-gui/src/jd-gui-1.6.4}
05:15:17.623 [LIFECYCLE] [org.gradle.launcher.daemon.server.DaemonStateCoordinator] Daemon will be stopped at the end of the build stopping after processing
05:15:17.624 [DEBUG] [org.gradle.launcher.daemon.server.DaemonStateCoordinator] Stop as soon as idle requested. The daemon is busy: true
05:15:17.625 [DEBUG] [org.gradle.launcher.daemon.server.DaemonStateCoordinator] daemon stop has been requested. Sleeping until state changes.
05:15:17.632 [DEBUG] [org.gradle.launcher.daemon.server.exec.ExecuteBuild] The daemon has started executing the build.
05:15:17.632 [DEBUG] [org.gradle.launcher.daemon.server.exec.ExecuteBuild] Executing build with daemon context: DefaultDaemonContext[uid=11a38ffe-b4f6-416a-bf56-a0ca57d711d5,javaHome=/usr/lib/jvm/java-8-openjdk,daemonRegistryDir=/home/krcy/.gradle/daemon,pid=13899,idleTimeout=120000,priority=NORMAL,daemonOpts=-XX:MaxMetaspaceSize=256m,-XX:+HeapDumpOnOutOfMemoryError,-Xms256m,-Xmx512m,-Dfile.encoding=UTF-8,-Duser.country=US,-Duser.language=en,-Duser.variant]
Security framework of XStream not initialized, XStream is probably vulnerable.

BUILD SUCCESSFUL in 2m 16s
20 actionable tasks: 20 executed
05:17:31.214 [DEBUG] [org.gradle.launcher.daemon.server.exec.ExecuteBuild] The daemon has finished executing the build.
05:17:31.229 [DEBUG] [org.gradle.launcher.daemon.server.DaemonStateCoordinator] daemon stop has been requested. Sleeping until state changes.
05:17:31.230 [DEBUG] [org.gradle.launcher.daemon.server.DaemonStateCoordinator] Command execution: finished waiting for DaemonCommandExecution[command = Build{id=95f893c5-e624-42ea-9241-de663e1d9c78, currentDir=/home/krcy/.cache/yay/jd-gui/src/jd-gui-1.6.4}, connection = DefaultDaemonConnection: socket connection from /0:0:0:0:0:0:0:1:33575 to /0:0:0:0:0:0:0:1:40984]. Result org.gradle.launcher.daemon.server.DaemonStateCoordinator@2eb94b7 with state StopRequested
05:17:31.230 [DEBUG] [org.gradle.launcher.daemon.server.DaemonStateCoordinator] Command execution: completed DaemonCommandExecution[command = Build{id=95f893c5-e624-42ea-9241-de663e1d9c78, currentDir=/home/krcy/.cache/yay/jd-gui/src/jd-gui-1.6.4}, connection = DefaultDaemonConnection: socket connection from /0:0:0:0:0:0:0:1:33575 to /0:0:0:0:0:0:0:1:40984]
05:17:31.230 [DEBUG] [org.gradle.launcher.daemon.server.DaemonStateCoordinator] resetting idle timer
05:17:31.230 [DEBUG] [org.gradle.launcher.daemon.server.DaemonStateCoordinator] Marking daemon stopped due to command completed and stop requested. The daemon is running a build: false
05:17:31.231 [DEBUG] [org.gradle.launcher.daemon.server.DaemonStateCoordinator] daemon has stopped.
05:17:31.231 [DEBUG] [org.gradle.launcher.daemon.server.Daemon] stop() called on daemon
05:17:31.231 [DEBUG] [org.gradle.launcher.daemon.server.exec.ReturnResult] Daemon is dispatching the build result: Success[value=org.gradle.launcher.exec.BuildActionResult@509ecf70]
05:17:31.231 [INFO] [org.gradle.launcher.daemon.server.Daemon] Stop requested. Daemon is removing its presence from the registry...
05:17:31.231 [DEBUG] [org.gradle.launcher.daemon.server.SynchronizedDispatchConnection] thread 14: dispatching class org.gradle.launcher.daemon.protocol.Success
05:17:31.232 [DEBUG] [org.gradle.launcher.daemon.server.DaemonRegistryUpdater] Removing our presence to clients, eg. removing this address from the registry: [b485f60b-219a-46de-8c84-a3ddf5e9a0aa port:33575, addresses:[/0:0:0:0:0:0:0:1%lo, /127.0.0.1]]
05:17:31.232 [DEBUG] [org.gradle.launcher.daemon.registry.PersistentDaemonRegistry] Removing daemon address: [b485f60b-219a-46de-8c84-a3ddf5e9a0aa port:33575, addresses:[/0:0:0:0:0:0:0:1%lo, /127.0.0.1]]
05:17:31.239 [DEBUG] [org.gradle.launcher.daemon.server.SynchronizedDispatchConnection] thread 15: received class org.gradle.launcher.daemon.protocol.CloseInput
05:17:31.239 [DEBUG] [org.gradle.launcher.daemon.server.DefaultDaemonConnection] thread 15: Received IO message from client: org.gradle.launcher.daemon.protocol.CloseInput@e7ae64e
05:17:31.240 [DEBUG] [org.gradle.launcher.daemon.server.SynchronizedDispatchConnection] thread 15: received class org.gradle.launcher.daemon.protocol.Finished
05:17:31.240 [DEBUG] [org.gradle.launcher.daemon.server.DefaultIncomingConnectionHandler] Finishing executing command: Build{id=95f893c5-e624-42ea-9241-de663e1d9c78, currentDir=/home/krcy/.cache/yay/jd-gui/src/jd-gui-1.6.4}
05:17:31.241 [DEBUG] [org.gradle.cache.internal.DefaultFileLockManager] Waiting to acquire exclusive lock on daemon addresses registry.
05:17:31.241 [DEBUG] [org.gradle.cache.internal.DefaultFileLockManager] Lock acquired on daemon addresses registry.
05:17:31.242 [DEBUG] [org.gradle.cache.internal.DefaultFileLockManager] Releasing lock on daemon addresses registry.
05:17:31.240 [DEBUG] [org.gradle.launcher.daemon.server.DefaultDaemonConnection] thread 15: Received non-IO message from client: org.gradle.launcher.daemon.protocol.Finished@7d94e25b
05:17:31.245 [DEBUG] [org.gradle.launcher.daemon.server.DaemonRegistryUpdater] Address removed from registry.
05:17:31.245 [DEBUG] [org.gradle.launcher.daemon.server.DefaultIncomingConnectionHandler] Received finished message: org.gradle.launcher.daemon.protocol.Finished@7d94e25b
05:17:31.246 [DEBUG] [org.gradle.launcher.daemon.server.SynchronizedDispatchConnection] thread 14: stopping connection
05:17:31.247 [DEBUG] [org.gradle.internal.remote.internal.inet.SocketConnection] Discarding EOFException: java.io.EOFException
05:17:31.247 [DEBUG] [org.gradle.launcher.daemon.server.SynchronizedDispatchConnection] thread 15: received null
05:17:31.247 [DEBUG] [org.gradle.launcher.daemon.server.DefaultDaemonConnection] thread 15: Received end-of-input from client.
05:17:31.247 [DEBUG] [org.gradle.launcher.daemon.server.SynchronizedDispatchConnection] thread 14: stopping connection
05:17:31.248 [DEBUG] [org.gradle.cache.internal.DefaultCacheAccess] Cache jars (/home/krcy/.gradle/caches/jars-3) was closed 0 times.
05:17:31.268 [DEBUG] [org.gradle.cache.internal.LockOnDemandCrossProcessCacheAccess] Releasing file lock for file content cache (/home/krcy/.gradle/caches/5.6.3/fileContent)
05:17:31.268 [DEBUG] [org.gradle.cache.internal.DefaultFileLockManager] Releasing lock on file content cache (/home/krcy/.gradle/caches/5.6.3/fileContent).
05:17:31.271 [DEBUG] [org.gradle.cache.internal.LockOnDemandCrossProcessCacheAccess] Releasing file lock for Java compile cache (/home/krcy/.gradle/caches/5.6.3/javaCompile)
05:17:31.271 [DEBUG] [org.gradle.cache.internal.btree.BTreePersistentIndexedCache] Closing cache jarAnalysis.bin (/home/krcy/.gradle/caches/5.6.3/javaCompile/jarAnalysis.bin)
05:17:31.271 [DEBUG] [org.gradle.cache.internal.DefaultFileLockManager] Releasing lock on Java compile cache (/home/krcy/.gradle/caches/5.6.3/javaCompile).
05:17:31.273 [DEBUG] [org.gradle.cache.internal.LockOnDemandCrossProcessCacheAccess] Releasing file lock for file hash cache (/home/krcy/.gradle/caches/5.6.3/fileHashes)
05:17:31.274 [DEBUG] [org.gradle.cache.internal.btree.BTreePersistentIndexedCache] Closing cache fileHashes.bin (/home/krcy/.gradle/caches/5.6.3/fileHashes/fileHashes.bin)
05:17:31.274 [DEBUG] [org.gradle.cache.internal.btree.BTreePersistentIndexedCache] Closing cache resourceHashesCache.bin (/home/krcy/.gradle/caches/5.6.3/fileHashes/resourceHashesCache.bin)
05:17:31.274 [DEBUG] [org.gradle.cache.internal.DefaultFileLockManager] Releasing lock on file hash cache (/home/krcy/.gradle/caches/5.6.3/fileHashes).
05:17:31.274 [DEBUG] [org.gradle.cache.internal.DefaultFileLockManager] Releasing lock on cache directory workerMain (/home/krcy/.gradle/caches/5.6.3/workerMain).
05:17:31.275 [DEBUG] [org.gradle.cache.internal.DefaultCacheAccess] Cache Generated Gradle JARs cache (/home/krcy/.gradle/caches/5.6.3/generated-gradle-jars) was closed 0 times.
05:17:31.276 [DEBUG] [org.gradle.cache.internal.LockOnDemandCrossProcessCacheAccess] Releasing file lock for artifact cache (/home/krcy/.gradle/caches/modules-2)
05:17:31.276 [DEBUG] [org.gradle.cache.internal.btree.BTreePersistentIndexedCache] Closing cache module-artifact.bin (/home/krcy/.gradle/caches/modules-2/metadata-2.71/module-artifact.bin)
05:17:31.276 [DEBUG] [org.gradle.cache.internal.btree.BTreePersistentIndexedCache] Closing cache resource-at-url.bin (/home/krcy/.gradle/caches/modules-2/metadata-2.71/resource-at-url.bin)
05:17:31.276 [DEBUG] [org.gradle.cache.internal.btree.BTreePersistentIndexedCache] Closing cache module-metadata.bin (/home/krcy/.gradle/caches/modules-2/metadata-2.71/module-metadata.bin)
05:17:31.276 [DEBUG] [org.gradle.cache.internal.DefaultFileLockManager] Releasing lock on artifact cache (/home/krcy/.gradle/caches/modules-2).
05:17:31.278 [DEBUG] [org.gradle.cache.internal.DefaultCacheAccess] Cache Artifact transforms cache (/home/krcy/.gradle/caches/transforms-2) was closed 0 times.
05:17:31.280 [DEBUG] [org.gradle.cache.internal.LockOnDemandCrossProcessCacheAccess] Releasing file lock for journal cache (/home/krcy/.gradle/caches/journal-1)
05:17:31.280 [DEBUG] [org.gradle.cache.internal.btree.BTreePersistentIndexedCache] Closing cache file-access.bin (/home/krcy/.gradle/caches/journal-1/file-access.bin)
05:17:31.280 [DEBUG] [org.gradle.cache.internal.DefaultFileLockManager] Releasing lock on journal cache (/home/krcy/.gradle/caches/journal-1).
05:17:31.284 [DEBUG] [org.gradle.cache.internal.LockOnDemandCrossProcessCacheAccess] Releasing file lock for execution history cache (/home/krcy/.gradle/caches/5.6.3/executionHistory)
05:17:31.284 [DEBUG] [org.gradle.cache.internal.DefaultFileLockManager] Releasing lock on execution history cache (/home/krcy/.gradle/caches/5.6.3/executionHistory).
05:17:31.286 [DEBUG] [org.gradle.cache.internal.VersionSpecificCacheCleanupAction] Processed version-specific caches at /home/krcy/.gradle/caches for cleanup in 0.0 secs
05:17:31.291 [DEBUG] [org.gradle.launcher.daemon.registry.PersistentDaemonRegistry] Removing daemon address: [b485f60b-219a-46de-8c84-a3ddf5e9a0aa port:33575, addresses:[/0:0:0:0:0:0:0:1%lo, /127.0.0.1]]
05:17:31.301 [DEBUG] [org.gradle.cache.internal.DefaultFileLockManager] Waiting to acquire exclusive lock on daemon addresses registry.
05:17:31.302 [DEBUG] [org.gradle.cache.internal.DefaultFileLockManager] Lock acquired on daemon addresses registry.
05:17:31.302 [DEBUG] [org.gradle.cache.internal.DefaultFileLockManager] Releasing lock on daemon addresses registry.
Daemon vm is shutting down... The daemon has exited normally or was terminated in response to a user interrupt.
