     1                                  %include "../include/define.s"
     1                              <1>         BOOT_LOAD       equ     0x7c00  ;boot position of boot program
     2                              <1>         KERNEL_LOAD     equ     0x0010_1000
     3                              <1> 
     4                              <1>         BOOT_SIZE       equ     (1024 * 8)      ;boot size
     5                              <1>         KERNEL_SIZE     equ     (1024 * 8)      ;kernel size
     6                              <1>         
     7                              <1>         SECT_SIZE       equ     (512)           ;sector size
     8                              <1>         
     9                              <1>         BOOT_SECT       equ     (BOOT_SIZE / SECT_SIZE) ;number of sector of boot program
    10                              <1>         KERNEL_SECT     equ     (KERNEL_SIZE / SECT_SIZE)
    11                              <1> 
    12                              <1>         BOOT_END        equ     (BOOT_LOAD + BOOT_SIZE)
    13                              <1>         E820_RECORD_SIZE        equ     20
    14                              <1> 
    15                              <1>         
     2                                  %include "../include/macro.s"
     1                              <1> %macro cdecl 1-*.nolist 
     2                              <1>         
     3                              <1>         %rep %0 - 1 
     4                              <1>           push  %{-1:-1} 
     5                              <1>           %rotate -1 
     6                              <1>         %endrep 
     7                              <1>         
     8                              <1>         %rotate -1 
     9                              <1>           
    10                              <1>           call  %1 
    11                              <1>         
    12                              <1>         %if 1 < %0 
    13                              <1>           add   sp, (__BITS__ >> 3) * (%0 - 1) 
    14                              <1>         %endif 
    15                              <1> %endmacro
    16                              <1> 
    17                              <1> struc drive
    18 00000000 <res 00000002>      <1>         .no     resw 1          ;number of drive
    19 00000002 <res 00000002>      <1>         .cyln   resw 1          ;silinda
    20 00000004 <res 00000002>      <1>         .head   resw 1          ;head
    21 00000006 <res 00000002>      <1>         .sect   resw 1          ;sector
    22                              <1> endstruc
     3                                  
     4                                          ORG     KERNEL_LOAD
     5                                  
     6                                  [BITS 32]
     7                                  ;*******************************************************
     8                                  ;entry point
     9                                  ;*******************************************************
    10                                  
    11                                  kernel:
    12                                          ;----------------------------------
    13                                          ;end of program
    14                                          ;----------------------------------
    15 00000000 EBFE                            jmp     $
    16                                  
    17                                  ;*******************************************************
    18                                  ;pating
    19                                  ;*******************************************************
    20 00000002 00<rept>                        times   KERNEL_SIZE - ($ -$$) db 0x00
