     1                                          BOOT_LOAD       equ     0x7c00  ;load position of boot program
     2                                          
     3                                          ORG     BOOT_LOAD       ;load address
     4                                  ;************************************************
     5                                  ;entry point
     6                                  ;************************************************
     7                                  entry:
     8                                          ;----------------------------------------
     9                                          ;BPB
    10                                          ;----------------------------------------
    11 00000000 EB58                            jmp     ipl
    12 00000002 90<rept>                        times   90-($-$$) db 0x90
    13                                  
    14                                          ;----------------------------------------
    15                                          ;IPL
    16                                          ;----------------------------------------
    17                                  
    18                                  
    19                                  ipl:
    20 0000005A FA                              cli     ;deny interrupt
    21                                  
    22                                  
    23 0000005B B80000                          mov     ax, 0x0000
    24 0000005E 8ED8                            mov     ds, ax
    25 00000060 8EC0                            mov     es, ax
    26 00000062 8ED0                            mov     ss, ax
    27 00000064 BC007C                          mov     sp, BOOT_LOAD
    28                                  
    29 00000067 FB                              sti     ;allow interrupt
    30                                          
    31 00000068 8816[7800]                      mov     [BOOT.DRIVE], dl ;save boot drive
    32                                          
    33 0000006C B041                            mov     al, 'A'         ;AL=output char
    34 0000006E B40E                            mov     ah, 0x0E        ;tele type output 
    35 00000070 BB0000                          mov     bx, 0x0000      ;set 0 to page number and color of char
    36 00000073 CD10                            int     0x10            ;video BIOS call
    37                                          
    38                                  
    39                                  
    40 00000075 EBFE                            jmp     $
    41                                  
    42 00000077 00                      ALIGN 2, db 0
    43                                  BOOT:
    44                                  
    45                                  .DRIVE: 
    46 00000078 0000                            dw 0
    47                                  
    48                                  ;************************************************
    49                                  ; boot flag
    50                                  ;************************************************
    51                                  
    52 0000007A 00<rept>                        times   510-($-$$) db 0x00
    53 000001FE 55AA                            db      0x55, 0xAA
